{"__type":"$$EventMessageAudit","id":"31465c1b-2fd4-414c-bfc8-0a50cdbd0dff","ts":"2024-09-12T05:24:24.191-04:00","eventName":"n8n.audit.user.login.success","message":"n8n.audit.user.login.success","payload":{"userId":"9bc383cd-56a1-4b6d-b5f6-9e9bc043af6d","_email":"admin@admin.com","_firstName":"Ahmed","_lastName":"Nassar","globalRole":"global:owner","authenticationMethod":"email"}}
{"__type":"$$EventMessageConfirm","confirm":"31465c1b-2fd4-414c-bfc8-0a50cdbd0dff","ts":"2024-09-12T05:24:24.195-04:00","source":{"id":"0","name":"eventBus"}}
{"__type":"$$EventMessageAudit","id":"7b060e47-1ffc-442d-b7e8-edba28d955cb","ts":"2024-09-12T05:37:11.204-04:00","eventName":"n8n.audit.user.credentials.created","message":"n8n.audit.user.credentials.created","payload":{"userId":"9bc383cd-56a1-4b6d-b5f6-9e9bc043af6d","_email":"admin@admin.com","_firstName":"Ahmed","_lastName":"Nassar","globalRole":"global:owner","credentialType":"gmailOAuth2","credentialId":"LGtBcl2rCZJUTbhw","publicApi":false,"projectId":"YO72HIVB7tus91qg","projectType":"personal"}}
{"__type":"$$EventMessageConfirm","confirm":"7b060e47-1ffc-442d-b7e8-edba28d955cb","ts":"2024-09-12T05:37:11.231-04:00","source":{"id":"0","name":"eventBus"}}
{"__type":"$$EventMessageAudit","id":"1fc0ea46-6750-4d6b-a530-317dcb7ba1b3","ts":"2024-09-12T05:38:03.334-04:00","eventName":"n8n.audit.user.credentials.updated","message":"n8n.audit.user.credentials.updated","payload":{"userId":"9bc383cd-56a1-4b6d-b5f6-9e9bc043af6d","_email":"admin@admin.com","_firstName":"Ahmed","_lastName":"Nassar","globalRole":"global:owner","credentialType":"gmailOAuth2","credentialId":"LGtBcl2rCZJUTbhw"}}
{"__type":"$$EventMessageConfirm","confirm":"1fc0ea46-6750-4d6b-a530-317dcb7ba1b3","ts":"2024-09-12T05:38:03.335-04:00","source":{"id":"0","name":"eventBus"}}
{"__type":"$$EventMessageAudit","id":"825bee82-767d-4f2d-86f9-82752c23cbf9","ts":"2024-09-12T05:44:06.632-04:00","eventName":"n8n.audit.user.credentials.updated","message":"n8n.audit.user.credentials.updated","payload":{"userId":"9bc383cd-56a1-4b6d-b5f6-9e9bc043af6d","_email":"admin@admin.com","_firstName":"Ahmed","_lastName":"Nassar","globalRole":"global:owner","credentialType":"gmailOAuth2","credentialId":"LGtBcl2rCZJUTbhw"}}
{"__type":"$$EventMessageConfirm","confirm":"825bee82-767d-4f2d-86f9-82752c23cbf9","ts":"2024-09-12T05:44:06.633-04:00","source":{"id":"0","name":"eventBus"}}
{"__type":"$$EventMessageAudit","id":"1aa1e676-2b2b-4ead-87c2-13527b785e99","ts":"2024-09-12T05:46:11.708-04:00","eventName":"n8n.audit.user.credentials.updated","message":"n8n.audit.user.credentials.updated","payload":{"userId":"9bc383cd-56a1-4b6d-b5f6-9e9bc043af6d","_email":"admin@admin.com","_firstName":"Ahmed","_lastName":"Nassar","globalRole":"global:owner","credentialType":"gmailOAuth2","credentialId":"LGtBcl2rCZJUTbhw"}}
{"__type":"$$EventMessageConfirm","confirm":"1aa1e676-2b2b-4ead-87c2-13527b785e99","ts":"2024-09-12T05:46:11.709-04:00","source":{"id":"0","name":"eventBus"}}
{"__type":"$$EventMessageWorkflow","id":"302198c2-8487-4849-b4fd-3d3819f3ae5c","ts":"2024-09-12T05:48:01.623-04:00","eventName":"n8n.workflow.started","message":"n8n.workflow.started","payload":{"executionId":"1","isManual":false}}
{"__type":"$$EventMessageConfirm","confirm":"302198c2-8487-4849-b4fd-3d3819f3ae5c","ts":"2024-09-12T05:48:01.624-04:00","source":{"id":"0","name":"eventBus"}}
{"__type":"$$EventMessageNode","id":"3980df2b-d824-4ee0-8463-38ce566f5420","ts":"2024-09-12T05:48:01.627-04:00","eventName":"n8n.node.started","message":"n8n.node.started","payload":{"workflowId":"hd0RmOwfNq2O0xKv","workflowName":"My workflow","executionId":"1","nodeType":"n8n-nodes-base.gmail","nodeName":"Gmail"}}
{"__type":"$$EventMessageConfirm","confirm":"3980df2b-d824-4ee0-8463-38ce566f5420","ts":"2024-09-12T05:48:01.627-04:00","source":{"id":"0","name":"eventBus"}}
{"__type":"$$EventMessageNode","id":"be2e23fe-e655-4579-80c6-b16f08dc5994","ts":"2024-09-12T05:48:02.463-04:00","eventName":"n8n.node.finished","message":"n8n.node.finished","payload":{"workflowId":"hd0RmOwfNq2O0xKv","workflowName":"My workflow","executionId":"1","nodeType":"n8n-nodes-base.gmail","nodeName":"Gmail"}}
{"__type":"$$EventMessageConfirm","confirm":"be2e23fe-e655-4579-80c6-b16f08dc5994","ts":"2024-09-12T05:48:02.463-04:00","source":{"id":"0","name":"eventBus"}}
{"__type":"$$EventMessageWorkflow","id":"0bc866ca-ae97-43e3-a38c-698f0ad89bc7","ts":"2024-09-12T05:48:02.602-04:00","eventName":"n8n.workflow.success","message":"n8n.workflow.success","payload":{"executionId":"1","userId":"9bc383cd-56a1-4b6d-b5f6-9e9bc043af6d","success":true,"isManual":true,"workflowId":"hd0RmOwfNq2O0xKv","workflowName":"My workflow"}}
{"__type":"$$EventMessageConfirm","confirm":"0bc866ca-ae97-43e3-a38c-698f0ad89bc7","ts":"2024-09-12T05:48:02.603-04:00","source":{"id":"0","name":"eventBus"}}
{"__type":"$$EventMessageAudit","id":"5dc7f43c-4075-49dd-882e-368126a44bdf","ts":"2024-09-12T05:50:23.656-04:00","eventName":"n8n.audit.user.credentials.created","message":"n8n.audit.user.credentials.created","payload":{"userId":"9bc383cd-56a1-4b6d-b5f6-9e9bc043af6d","_email":"admin@admin.com","_firstName":"Ahmed","_lastName":"Nassar","globalRole":"global:owner","credentialType":"googleSheetsOAuth2Api","credentialId":"bASpxSz1bcJdYwjW","publicApi":false,"projectId":"YO72HIVB7tus91qg","projectType":"personal"}}
{"__type":"$$EventMessageConfirm","confirm":"5dc7f43c-4075-49dd-882e-368126a44bdf","ts":"2024-09-12T05:50:23.657-04:00","source":{"id":"0","name":"eventBus"}}
{"__type":"$$EventMessageAudit","id":"3d39aa35-ca24-4d4d-bfb4-06a01179b26e","ts":"2024-09-12T05:51:06.189-04:00","eventName":"n8n.audit.workflow.updated","message":"n8n.audit.workflow.updated","payload":{"userId":"9bc383cd-56a1-4b6d-b5f6-9e9bc043af6d","_email":"admin@admin.com","_firstName":"Ahmed","_lastName":"Nassar","globalRole":"global:owner","workflowId":"hd0RmOwfNq2O0xKv","workflowName":"My workflow"}}
{"__type":"$$EventMessageConfirm","confirm":"3d39aa35-ca24-4d4d-bfb4-06a01179b26e","ts":"2024-09-12T05:51:06.190-04:00","source":{"id":"0","name":"eventBus"}}
